<?xml version="1.0" encoding="UTF-8"?>
<testng-results skipped="0" failed="0" total="1" passed="1">
  <reporter-output>
  </reporter-output>
  <suite name="Default suite" duration-ms="7277" started-at="2019-11-07T09:27:34Z" finished-at="2019-11-07T09:27:42Z">
    <groups>
      <group name="cucumber">
        <method signature="AbstractTestNGCucumberTests.feature(cucumber.api.testng.CucumberFeatureWrapper)[pri:0, instance:testrunner@61832929]" name="feature" class="cucumber.api.testng.AbstractTestNGCucumberTests"/>
      </group> <!-- cucumber -->
    </groups>
    <test name="Default test" duration-ms="7277" started-at="2019-11-07T09:27:34Z" finished-at="2019-11-07T09:27:42Z">
      <class name="testrunner">
        <test-method status="PASS" signature="setUpClass()[pri:0, instance:testrunner@61832929]" name="setUpClass" is-config="true" duration-ms="337" started-at="2019-11-07T14:57:34Z" finished-at="2019-11-07T14:57:35Z">
          <reporter-output>
          </reporter-output>
        </test-method> <!-- setUpClass -->
        <test-method status="PASS" signature="feature(cucumber.api.testng.CucumberFeatureWrapper)[pri:0, instance:testrunner@61832929]" name="feature" duration-ms="6612" started-at="2019-11-07T14:57:35Z" description="Runs Cucumber Feature" data-provider="features" finished-at="2019-11-07T14:57:41Z">
          <params>
            <param index="0">
              <value>
                <![CDATA[Get Agent details from the API]]>
              </value>
            </param>
          </params>
          <reporter-output>
          </reporter-output>
        </test-method> <!-- feature -->
        <test-method status="PASS" signature="tearDownClass()[pri:0, instance:testrunner@61832929]" name="tearDownClass" is-config="true" duration-ms="169" started-at="2019-11-07T14:57:41Z" finished-at="2019-11-07T14:57:42Z">
          <reporter-output>
          </reporter-output>
        </test-method> <!-- tearDownClass -->
      </class> <!-- testrunner -->
    </test> <!-- Default test -->
  </suite> <!-- Default suite -->
</testng-results>
